[2021-02-17 12:52:35] local.DEBUG: zoho webhook received {"OrgID":"740974695","ID":"4795954000000375354"} 
[2021-02-17 12:52:35] local.DEBUG: Lead Id owner: Malika  Pathak  
[2021-02-17 12:52:35] local.DEBUG: Lead Id 4795954000000375354 salesperson Malika  Pathak not found in staff   
[2021-02-17 13:26:07] local.DEBUG: zoho webhook received {"OrgID":"740974695","ID":"4795954000000410002"} 
[2021-02-17 13:26:08] local.DEBUG: Lead Id owner: Malika  Pathak  
[2021-02-17 13:26:08] local.DEBUG: Lead Id 4795954000000410002 salesperson Malika  Pathak not found in staff   
[2021-02-17 13:26:08] local.DEBUG: Lead testworking  
[2021-02-17 13:50:57] local.DEBUG: zoho webhook received {"OrgID":"740974695","ID":"4795954000000410028"} 
[2021-02-17 13:50:59] local.DEBUG: Lead Id owner: Malika  Pathak  
[2021-02-17 13:50:59] local.DEBUG: Lead Id 4795954000000410028 salesperson Malika  Pathak not found in staff   
[2021-02-17 13:50:59] local.DEBUG: Lead testworking 1  
[2021-02-17 13:50:59] local.DEBUG: Lead testworking 2  
[2021-02-17 13:50:59] local.DEBUG: Lead testworking 3  
[2021-02-17 14:11:07] local.DEBUG: zoho webhook received {"OrgID":"740974695","ID":"4795954000000410044"} 
[2021-02-17 14:11:08] local.DEBUG: Lead Id owner: Malika  Pathak  
[2021-02-17 14:11:08] local.DEBUG: Lead Id 4795954000000410044 salesperson Malika  Pathak not found in staff   
[2021-02-17 14:11:08] local.DEBUG: Lead testworking 1  
[2021-02-17 14:11:08] local.DEBUG: Lead testworking 2  
[2021-02-17 14:11:08] local.DEBUG: Lead testworking 3  
[2021-02-17 14:22:57] local.DEBUG: zoho webhook received {"OrgID":"740974695","ID":"4795954000000410060"} 
[2021-02-17 14:22:57] local.DEBUG: Lead Id owner: Malika  Pathak  
[2021-02-17 14:22:57] local.DEBUG: Lead Id 4795954000000410060 salesperson Malika  Pathak not found in staff   
[2021-02-17 14:22:58] local.DEBUG: Lead testworking 1  
[2021-02-17 14:22:58] local.DEBUG: Lead testworking 2  
[2021-02-17 14:22:58] local.DEBUG: Lead testworking 3  
[2021-02-17 14:22:58] local.DEBUG: 4795954000000410060  
[2021-02-17 14:22:58] local.DEBUG: 213  
[2021-02-17 14:53:58] local.DEBUG: Account zoho webhook received account {"OrgID":"740974695","ID":"4795954000000410076"} 
[2021-02-17 14:53:59] local.DEBUG: Customer data: 
Array
(
    [Mobile_Phone] => 
    [Email] => 
    [Description] => 
    [Website] => 
    [ABN] => 
    [Simpro_ID] => 
    [First_Name] => 8:23
    [Record_Image] => 
    [How_Customer_Was_Acquired] => Adwards  Wireless Home
    [Account_Name] => tst 8:23
    [Have_Subscription] => 
    [Company_Phone] => 
    [Title] => Mr
    [Simpro_URL] => 
    [Primary_Phone] => 
    [Type] => Company
    [Last_Name] => test
    [Company_Fax] => 
    [Alt_Phone] => 
)
  
[2021-02-17 14:53:59] local.DEBUG: App\Http\Controllers\ZohoWebhookController:488 customer email: , type=Company created/updated from zoho customer id: 4795954000000410076   
[2021-02-17 14:54:00] local.DEBUG: App\Jobs\ExportCustomerToSimPro:155 Customer 8:23 sim id 365 saved now.  
[2021-02-17 14:54:01] local.ERROR: App\Jobs\ExportCustomerToSimPro:201 Error Occurred. Client error: `PATCH https://elementtest.simprosuite.com/api/v1.0/companies/0/customers/365/customFields/2` resulted in a `422 Unprocessable Entity` response:
{"errors":[{"path":null,"message":"Must be in { \"Adwords Wirelesshomealarms.com.au\", \"SEO Element Website\", \"Telema (truncated...)
  
[2021-02-17 14:54:02] local.DEBUG:  App\Jobs\ExportCustomerToSimPro:199:   custom field id 4=> No updated. Status: 204   
[2021-02-17 14:54:03] local.DEBUG:  App\Jobs\ExportCustomerToSimPro:199:   custom field id 5=> 4795954000000410076 updated. Status: 204   
[2021-02-17 14:54:04] local.DEBUG: Site saved in database. SimPro ID: 507  
[2021-02-17 14:54:04] local.DEBUG:  code: 201, status: success  
[2021-02-17 14:54:04] local.DEBUG: Site created/updated in zoho. SimPro ID: 507, Zoho ID: 4795954000000402008  
[2021-02-17 14:54:04] local.ERROR: App\Http\Controllers\ZohoWebhookController:511: Undefined index: SimPro_ID  
[2021-02-17 14:55:02] local.DEBUG: simpro webhooks data {"ID":"company.customer.created","build":"elementtest.simprosuite.com","description":"Company customer #365 has been created.","name":"Company customer","action":"created","reference":{"companyID":0,"customerID":365,"companyCustomerID":365},"date_triggered":"2021-02-18T00:54:00+10:00"} 
[2021-02-17 14:55:03] local.ERROR: App\Jobs\SyncSPCustomer:55: Error occurred.  
[2021-02-17 14:55:03] local.ERROR: SQLSTATE[23000]: Integrity constraint violation: 1048 Column 'source' cannot be null (SQL: update `customers` set `company_name` = 8:23 test, `given_name` = , `family_name` = , `source` = ?, `dnd` = 0, `ein` = , `website` = , `fax` = , `company_number` = , `customers`.`updated_at` = 2021-02-17 14:55:03 where `id` = 214)  
[2021-02-17 14:55:03] local.ERROR: #0 /home/371465.cloudwaysapps.com/msruyuytpk/public_html/vendor/laravel/framework/src/Illuminate/Database/Connection.php(631): Illuminate\Database\Connection->runQueryCallback('update `custome...', Array, Object(Closure))
#1 /home/371465.cloudwaysapps.com/msruyuytpk/public_html/vendor/laravel/framework/src/Illuminate/Database/Connection.php(496): Illuminate\Database\Connection->run('update `custome...', Array, Object(Closure))
#2 /home/371465.cloudwaysapps.com/msruyuytpk/public_html/vendor/laravel/framework/src/Illuminate/Database/Connection.php(429): Illuminate\Database\Connection->affectingStatement('update `custome...', Array)
#3 /home/371465.cloudwaysapps.com/msruyuytpk/public_html/vendor/laravel/framework/src/Illuminate/Database/Query/Builder.php(2903): Illuminate\Database\Connection->update('update `custome...', Array)
#4 /home/371465.cloudwaysapps.com/msruyuytpk/public_html/vendor/laravel/framework/src/Illuminate/Database/Eloquent/Builder.php(802): Illuminate\Database\Query\Builder->update(Array)
#5 /home/371465.cloudwaysapps.com/msruyuytpk/public_html/vendor/laravel/framework/src/Illuminate/Database/Eloquent/Model.php(935): Illuminate\Database\Eloquent\Builder->update(Array)
#6 /home/371465.cloudwaysapps.com/msruyuytpk/public_html/vendor/laravel/framework/src/Illuminate/Database/Eloquent/Model.php(850): Illuminate\Database\Eloquent\Model->performUpdate(Object(Illuminate\Database\Eloquent\Builder))
#7 /home/371465.cloudwaysapps.com/msruyuytpk/public_html/vendor/laravel/framework/src/Illuminate/Database/Eloquent/Builder.php(464): Illuminate\Database\Eloquent\Model->save()
#8 /home/371465.cloudwaysapps.com/msruyuytpk/public_html/vendor/laravel/framework/src/Illuminate/Support/helpers.php(263): Illuminate\Database\Eloquent\Builder->Illuminate\Database\Eloquent\{closure}(Object(App\Models\Customer))
#9 /home/371465.cloudwaysapps.com/msruyuytpk/public_html/vendor/laravel/framework/src/Illuminate/Database/Eloquent/Builder.php(465): tap(Object(App\Models\Customer), Object(Closure))
#10 /home/371465.cloudwaysapps.com/msruyuytpk/public_html/vendor/laravel/framework/src/Illuminate/Support/Traits/ForwardsCalls.php(23): Illuminate\Database\Eloquent\Builder->updateOrCreate(Array, Array)
#11 /home/371465.cloudwaysapps.com/msruyuytpk/public_html/vendor/laravel/framework/src/Illuminate/Database/Eloquent/Model.php(1884): Illuminate\Database\Eloquent\Model->forwardCallTo(Object(Illuminate\Database\Eloquent\Builder), 'updateOrCreate', Array)
#12 /home/371465.cloudwaysapps.com/msruyuytpk/public_html/vendor/laravel/framework/src/Illuminate/Database/Eloquent/Model.php(1896): Illuminate\Database\Eloquent\Model->__call('updateOrCreate', Array)
#13 /home/371465.cloudwaysapps.com/msruyuytpk/public_html/app/Jobs/SyncSPCustomer.php(112): Illuminate\Database\Eloquent\Model::__callStatic('updateOrCreate', Array)
#14 /home/371465.cloudwaysapps.com/msruyuytpk/public_html/app/Jobs/SyncSPCustomer.php(53): App\Jobs\SyncSPCustomer->viewCustomerDetails(Object(simPRO\RestClient\OAuth2\APIKey), 0, 365)
#15 /home/371465.cloudwaysapps.com/msruyuytpk/public_html/vendor/laravel/framework/src/Illuminate/Container/BoundMethod.php(36): App\Jobs\SyncSPCustomer->handle()
#16 /home/371465.cloudwaysapps.com/msruyuytpk/public_html/vendor/laravel/framework/src/Illuminate/Container/Util.php(40): Illuminate\Container\BoundMethod::Illuminate\Container\{closure}()
#17 /home/371465.cloudwaysapps.com/msruyuytpk/public_html/vendor/laravel/framework/src/Illuminate/Container/BoundMethod.php(93): Illuminate\Container\Util::unwrapIfClosure(Object(Closure))
#18 /home/371465.cloudwaysapps.com/msruyuytpk/public_html/vendor/laravel/framework/src/Illuminate/Container/BoundMethod.php(37): Illuminate\Container\BoundMethod::callBoundMethod(Object(Illuminate\Foundation\Application), Array, Object(Closure))
#19 /home/371465.cloudwaysapps.com/msruyuytpk/public_html/vendor/laravel/framework/src/Illuminate/Container/Container.php(610): Illuminate\Container\BoundMethod::call(Object(Illuminate\Foundation\Application), Array, Array, NULL)
#20 /home/371465.cloudwaysapps.com/msruyuytpk/public_html/vendor/laravel/framework/src/Illuminate/Bus/Dispatcher.php(128): Illuminate\Container\Container->call(Array)
#21 /home/371465.cloudwaysapps.com/msruyuytpk/public_html/vendor/laravel/framework/src/Illuminate/Pipeline/Pipeline.php(128): Illuminate\Bus\Dispatcher->Illuminate\Bus\{closure}(Object(App\Jobs\SyncSPCustomer))
#22 /home/371465.cloudwaysapps.com/msruyuytpk/public_html/vendor/laravel/framework/src/Illuminate/Pipeline/Pipeline.php(103): Illuminate\Pipeline\Pipeline->Illuminate\Pipeline\{closure}(Object(App\Jobs\SyncSPCustomer))
#23 /home/371465.cloudwaysapps.com/msruyuytpk/public_html/vendor/laravel/framework/src/Illuminate/Bus/Dispatcher.php(132): Illuminate\Pipeline\Pipeline->then(Object(Closure))
#24 /home/371465.cloudwaysapps.com/msruyuytpk/public_html/vendor/laravel/framework/src/Illuminate/Queue/CallQueuedHandler.php(91): Illuminate\Bus\Dispatcher->dispatchNow(Object(App\Jobs\SyncSPCustomer), false)
#25 /home/371465.cloudwaysapps.com/msruyuytpk/public_html/vendor/laravel/framework/src/Illuminate/Pipeline/Pipeline.php(128): Illuminate\Queue\CallQueuedHandler->Illuminate\Queue\{closure}(Object(App\Jobs\SyncSPCustomer))
#26 /home/371465.cloudwaysapps.com/msruyuytpk/public_html/vendor/laravel/framework/src/Illuminate/Queue/Middleware/WithoutOverlapping.php(71): Illuminate\Pipeline\Pipeline->Illuminate\Pipeline\{closure}(Object(App\Jobs\SyncSPCustomer))
#27 /home/371465.cloudwaysapps.com/msruyuytpk/public_html/vendor/laravel/framework/src/Illuminate/Pipeline/Pipeline.php(167): Illuminate\Queue\Middleware\WithoutOverlapping->handle(Object(App\Jobs\SyncSPCustomer), Object(Closure))
#28 /home/371465.cloudwaysapps.com/msruyuytpk/public_html/vendor/laravel/framework/src/Illuminate/Pipeline/Pipeline.php(103): Illuminate\Pipeline\Pipeline->Illuminate\Pipeline\{closure}(Object(App\Jobs\SyncSPCustomer))
#29 /home/371465.cloudwaysapps.com/msruyuytpk/public_html/vendor/laravel/framework/src/Illuminate/Queue/CallQueuedHandler.php(93): Illuminate\Pipeline\Pipeline->then(Object(Closure))
#30 /home/371465.cloudwaysapps.com/msruyuytpk/public_html/vendor/laravel/framework/src/Illuminate/Queue/CallQueuedHandler.php(62): Illuminate\Queue\CallQueuedHandler->dispatchThroughMiddleware(Object(Illuminate\Queue\Jobs\SyncJob), Object(App\Jobs\SyncSPCustomer))
#31 /home/371465.cloudwaysapps.com/msruyuytpk/public_html/vendor/laravel/framework/src/Illuminate/Queue/Jobs/Job.php(98): Illuminate\Queue\CallQueuedHandler->call(Object(Illuminate\Queue\Jobs\SyncJob), Array)
#32 /home/371465.cloudwaysapps.com/msruyuytpk/public_html/vendor/laravel/framework/src/Illuminate/Queue/SyncQueue.php(43): Illuminate\Queue\Jobs\Job->fire()
#33 /home/371465.cloudwaysapps.com/msruyuytpk/public_html/vendor/laravel/framework/src/Illuminate/Queue/SyncQueue.php(147): Illuminate\Queue\SyncQueue->push(Object(App\Jobs\SyncSPCustomer), '', NULL)
#34 /home/371465.cloudwaysapps.com/msruyuytpk/public_html/vendor/laravel/framework/src/Illuminate/Bus/Dispatcher.php(248): Illuminate\Queue\SyncQueue->later(Object(Illuminate\Support\Carbon), Object(App\Jobs\SyncSPCustomer))
#35 /home/371465.cloudwaysapps.com/msruyuytpk/public_html/vendor/laravel/framework/src/Illuminate/Bus/Dispatcher.php(227): Illuminate\Bus\Dispatcher->pushCommandToQueue(Object(Illuminate\Queue\SyncQueue), Object(App\Jobs\SyncSPCustomer))
#36 /home/371465.cloudwaysapps.com/msruyuytpk/public_html/vendor/laravel/framework/src/Illuminate/Bus/Dispatcher.php(77): Illuminate\Bus\Dispatcher->dispatchToQueue(Object(App\Jobs\SyncSPCustomer))
#37 /home/371465.cloudwaysapps.com/msruyuytpk/public_html/vendor/laravel/framework/src/Illuminate/Foundation/Bus/PendingDispatch.php(178): Illuminate\Bus\Dispatcher->dispatch(Object(App\Jobs\SyncSPCustomer))
#38 /home/371465.cloudwaysapps.com/msruyuytpk/public_html/app/Http/Controllers/SPWebhookController.php(339): Illuminate\Foundation\Bus\PendingDispatch->__destruct()
#39 /home/371465.cloudwaysapps.com/msruyuytpk/public_html/app/Http/Controllers/SPWebhookController.php(97): App\Http\Controllers\SPWebhookController->handleCustomerUpdated(Array)
#40 /home/371465.cloudwaysapps.com/msruyuytpk/public_html/vendor/laravel/framework/src/Illuminate/Routing/Controller.php(54): App\Http\Controllers\SPWebhookController->index(Object(Illuminate\Http\Request), 'company')
#41 /home/371465.cloudwaysapps.com/msruyuytpk/public_html/vendor/laravel/framework/src/Illuminate/Routing/ControllerDispatcher.php(45): Illuminate\Routing\Controller->callAction('index', Array)
#42 /home/371465.cloudwaysapps.com/msruyuytpk/public_html/vendor/laravel/framework/src/Illuminate/Routing/Route.php(255): Illuminate\Routing\ControllerDispatcher->dispatch(Object(Illuminate\Routing\Route), Object(App\Http\Controllers\SPWebhookController), 'index')
#43 /home/371465.cloudwaysapps.com/msruyuytpk/public_html/vendor/laravel/framework/src/Illuminate/Routing/Route.php(197): Illuminate\Routing\Route->runController()
#44 /home/371465.cloudwaysapps.com/msruyuytpk/public_html/vendor/laravel/framework/src/Illuminate/Routing/Router.php(691): Illuminate\Routing\Route->run()
#45 /home/371465.cloudwaysapps.com/msruyuytpk/public_html/vendor/laravel/framework/src/Illuminate/Pipeline/Pipeline.php(128): Illuminate\Routing\Router->Illuminate\Routing\{closure}(Object(Illuminate\Http\Request))
#46 /home/371465.cloudwaysapps.com/msruyuytpk/public_html/vendor/laravel/framework/src/Illuminate/Routing/Middleware/SubstituteBindings.php(41): Illuminate\Pipeline\Pipeline->Illuminate\Pipeline\{closure}(Object(Illuminate\Http\Request))
#47 /home/371465.cloudwaysapps.com/msruyuytpk/public_html/vendor/laravel/framework/src/Illuminate/Pipeline/Pipeline.php(167): Illuminate\Routing\Middleware\SubstituteBindings->handle(Object(Illuminate\Http\Request), Object(Closure))
#48 /home/371465.cloudwaysapps.com/msruyuytpk/public_html/vendor/laravel/framework/src/Illuminate/Foundation/Http/Middleware/VerifyCsrfToken.php(77): Illuminate\Pipeline\Pipeline->Illuminate\Pipeline\{closure}(Object(Illuminate\Http\Request))
#49 /home/371465.cloudwaysapps.com/msruyuytpk/public_html/vendor/laravel/framework/src/Illuminate/Pipeline/Pipeline.php(167): Illuminate\Foundation\Http\Middleware\VerifyCsrfToken->handle(Object(Illuminate\Http\Request), Object(Closure))
#50 /home/371465.cloudwaysapps.com/msruyuytpk/public_html/vendor/laravel/framework/src/Illuminate/View/Middleware/ShareErrorsFromSession.php(49): Illuminate\Pipeline\Pipeline->Illuminate\Pipeline\{closure}(Object(Illuminate\Http\Request))
#51 /home/371465.cloudwaysapps.com/msruyuytpk/public_html/vendor/laravel/framework/src/Illuminate/Pipeline/Pipeline.php(167): Illuminate\View\Middleware\ShareErrorsFromSession->handle(Object(Illuminate\Http\Request), Object(Closure))
#52 /home/371465.cloudwaysapps.com/msruyuytpk/public_html/vendor/laravel/framework/src/Illuminate/Session/Middleware/AuthenticateSession.php(39): Illuminate\Pipeline\Pipeline->Illuminate\Pipeline\{closure}(Object(Illuminate\Http\Request))
#53 /home/371465.cloudwaysapps.com/msruyuytpk/public_html/vendor/laravel/framework/src/Illuminate/Pipeline/Pipeline.php(167): Illuminate\Session\Middleware\AuthenticateSession->handle(Object(Illuminate\Http\Request), Object(Closure))
#54 /home/371465.cloudwaysapps.com/msruyuytpk/public_html/vendor/laravel/framework/src/Illuminate/Session/Middleware/StartSession.php(121): Illuminate\Pipeline\Pipeline->Illuminate\Pipeline\{closure}(Object(Illuminate\Http\Request))
#55 /home/371465.cloudwaysapps.com/msruyuytpk/public_html/vendor/laravel/framework/src/Illuminate/Session/Middleware/StartSession.php(63): Illuminate\Session\Middleware\StartSession->handleStatefulRequest(Object(Illuminate\Http\Request), Object(Illuminate\Session\Store), Object(Closure))
#56 /home/371465.cloudwaysapps.com/msruyuytpk/public_html/vendor/laravel/framework/src/Illuminate/Pipeline/Pipeline.php(167): Illuminate\Session\Middleware\StartSession->handle(Object(Illuminate\Http\Request), Object(Closure))
#57 /home/371465.cloudwaysapps.com/msruyuytpk/public_html/vendor/laravel/framework/src/Illuminate/Cookie/Middleware/AddQueuedCookiesToResponse.php(37): Illuminate\Pipeline\Pipeline->Illuminate\Pipeline\{closure}(Object(Illuminate\Http\Request))
#58 /home/371465.cloudwaysapps.com/msruyuytpk/public_html/vendor/laravel/framework/src/Illuminate/Pipeline/Pipeline.php(167): Illuminate\Cookie\Middleware\AddQueuedCookiesToResponse->handle(Object(Illuminate\Http\Request), Object(Closure))
#59 /home/371465.cloudwaysapps.com/msruyuytpk/public_html/vendor/laravel/framework/src/Illuminate/Cookie/Middleware/EncryptCookies.php(67): Illuminate\Pipeline\Pipeline->Illuminate\Pipeline\{closure}(Object(Illuminate\Http\Request))
#60 /home/371465.cloudwaysapps.com/msruyuytpk/public_html/vendor/laravel/framework/src/Illuminate/Pipeline/Pipeline.php(167): Illuminate\Cookie\Middleware\EncryptCookies->handle(Object(Illuminate\Http\Request), Object(Closure))
#61 /home/371465.cloudwaysapps.com/msruyuytpk/public_html/vendor/laravel/framework/src/Illuminate/Pipeline/Pipeline.php(103): Illuminate\Pipeline\Pipeline->Illuminate\Pipeline\{closure}(Object(Illuminate\Http\Request))
#62 /home/371465.cloudwaysapps.com/msruyuytpk/public_html/vendor/laravel/framework/src/Illuminate/Routing/Router.php(693): Illuminate\Pipeline\Pipeline->then(Object(Closure))
#63 /home/371465.cloudwaysapps.com/msruyuytpk/public_html/vendor/laravel/framework/src/Illuminate/Routing/Router.php(668): Illuminate\Routing\Router->runRouteWithinStack(Object(Illuminate\Routing\Route), Object(Illuminate\Http\Request))
#64 /home/371465.cloudwaysapps.com/msruyuytpk/public_html/vendor/laravel/framework/src/Illuminate/Routing/Router.php(634): Illuminate\Routing\Router->runRoute(Object(Illuminate\Http\Request), Object(Illuminate\Routing\Route))
#65 /home/371465.cloudwaysapps.com/msruyuytpk/public_html/vendor/laravel/framework/src/Illuminate/Routing/Router.php(623): Illuminate\Routing\Router->dispatchToRoute(Object(Illuminate\Http\Request))
#66 /home/371465.cloudwaysapps.com/msruyuytpk/public_html/vendor/laravel/framework/src/Illuminate/Foundation/Http/Kernel.php(166): Illuminate\Routing\Router->dispatch(Object(Illuminate\Http\Request))
#67 /home/371465.cloudwaysapps.com/msruyuytpk/public_html/vendor/laravel/framework/src/Illuminate/Pipeline/Pipeline.php(128): Illuminate\Foundation\Http\Kernel->Illuminate\Foundation\Http\{closure}(Object(Illuminate\Http\Request))
#68 /home/371465.cloudwaysapps.com/msruyuytpk/public_html/vendor/laravel/framework/src/Illuminate/Foundation/Http/Middleware/TransformsRequest.php(21): Illuminate\Pipeline\Pipeline->Illuminate\Pipeline\{closure}(Object(Illuminate\Http\Request))
#69 /home/371465.cloudwaysapps.com/msruyuytpk/public_html/vendor/laravel/framework/src/Illuminate/Pipeline/Pipeline.php(167): Illuminate\Foundation\Http\Middleware\TransformsRequest->handle(Object(Illuminate\Http\Request), Object(Closure))
#70 /home/371465.cloudwaysapps.com/msruyuytpk/public_html/vendor/laravel/framework/src/Illuminate/Foundation/Http/Middleware/TransformsRequest.php(21): Illuminate\Pipeline\Pipeline->Illuminate\Pipeline\{closure}(Object(Illuminate\Http\Request))
#71 /home/371465.cloudwaysapps.com/msruyuytpk/public_html/vendor/laravel/framework/src/Illuminate/Pipeline/Pipeline.php(167): Illuminate\Foundation\Http\Middleware\TransformsRequest->handle(Object(Illuminate\Http\Request), Object(Closure))
#72 /home/371465.cloudwaysapps.com/msruyuytpk/public_html/vendor/laravel/framework/src/Illuminate/Foundation/Http/Middleware/ValidatePostSize.php(27): Illuminate\Pipeline\Pipeline->Illuminate\Pipeline\{closure}(Object(Illuminate\Http\Request))
#73 /home/371465.cloudwaysapps.com/msruyuytpk/public_html/vendor/laravel/framework/src/Illuminate/Pipeline/Pipeline.php(167): Illuminate\Foundation\Http\Middleware\ValidatePostSize->handle(Object(Illuminate\Http\Request), Object(Closure))
#74 /home/371465.cloudwaysapps.com/msruyuytpk/public_html/vendor/laravel/framework/src/Illuminate/Foundation/Http/Middleware/PreventRequestsDuringMaintenance.php(87): Illuminate\Pipeline\Pipeline->Illuminate\Pipeline\{closure}(Object(Illuminate\Http\Request))
#75 /home/371465.cloudwaysapps.com/msruyuytpk/public_html/vendor/laravel/framework/src/Illuminate/Pipeline/Pipeline.php(167): Illuminate\Foundation\Http\Middleware\PreventRequestsDuringMaintenance->handle(Object(Illuminate\Http\Request), Object(Closure))
#76 /home/371465.cloudwaysapps.com/msruyuytpk/public_html/vendor/fruitcake/laravel-cors/src/HandleCors.php(37): Illuminate\Pipeline\Pipeline->Illuminate\Pipeline\{closure}(Object(Illuminate\Http\Request))
#77 /home/371465.cloudwaysapps.com/msruyuytpk/public_html/vendor/laravel/framework/src/Illuminate/Pipeline/Pipeline.php(167): Fruitcake\Cors\HandleCors->handle(Object(Illuminate\Http\Request), Object(Closure))
#78 /home/371465.cloudwaysapps.com/msruyuytpk/public_html/vendor/fideloper/proxy/src/TrustProxies.php(57): Illuminate\Pipeline\Pipeline->Illuminate\Pipeline\{closure}(Object(Illuminate\Http\Request))
#79 /home/371465.cloudwaysapps.com/msruyuytpk/public_html/vendor/laravel/framework/src/Illuminate/Pipeline/Pipeline.php(167): Fideloper\Proxy\TrustProxies->handle(Object(Illuminate\Http\Request), Object(Closure))
#80 /home/371465.cloudwaysapps.com/msruyuytpk/public_html/vendor/laravel/framework/src/Illuminate/Pipeline/Pipeline.php(103): Illuminate\Pipeline\Pipeline->Illuminate\Pipeline\{closure}(Object(Illuminate\Http\Request))
#81 /home/371465.cloudwaysapps.com/msruyuytpk/public_html/vendor/laravel/framework/src/Illuminate/Foundation/Http/Kernel.php(141): Illuminate\Pipeline\Pipeline->then(Object(Closure))
#82 /home/371465.cloudwaysapps.com/msruyuytpk/public_html/vendor/laravel/framework/src/Illuminate/Foundation/Http/Kernel.php(110): Illuminate\Foundation\Http\Kernel->sendRequestThroughRouter(Object(Illuminate\Http\Request))
#83 /home/371465.cloudwaysapps.com/msruyuytpk/public_html/public/index.php(52): Illuminate\Foundation\Http\Kernel->handle(Object(Illuminate\Http\Request))
#84 {main}  
[2021-02-17 15:00:17] local.DEBUG: Account zoho webhook received account {"OrgID":"740974695","ID":"4795954000000410092"} 
[2021-02-17 15:00:17] local.DEBUG: Customer data: 
Array
(
    [Mobile_Phone] => 
    [Email] => 
    [Description] => 
    [Website] => 
    [ABN] => 
    [Simpro_ID] => 
    [First_Name] => 8:30
    [Record_Image] => 
    [How_Customer_Was_Acquired] => Adwards  Wireless Home
    [Account_Name] => tst
    [Have_Subscription] => 
    [Company_Phone] => 
    [Title] => Mr
    [Simpro_URL] => 
    [Primary_Phone] => 
    [Type] => Indivisual
    [Last_Name] => test
    [Company_Fax] => 
    [Alt_Phone] => 
)
  
[2021-02-17 15:00:17] local.DEBUG: App\Http\Controllers\ZohoWebhookController:488 customer email: , type=Individual created/updated from zoho customer id: 4795954000000410092   
[2021-02-17 15:00:18] local.DEBUG: App\Jobs\ExportCustomerToSimPro:155 Customer 8:30 sim id 366 saved now.  
[2021-02-17 15:00:19] local.ERROR: App\Jobs\ExportCustomerToSimPro:201 Error Occurred. Client error: `PATCH https://elementtest.simprosuite.com/api/v1.0/companies/0/customers/366/customFields/2` resulted in a `422 Unprocessable Entity` response:
{"errors":[{"path":null,"message":"Must be in { \"Adwords Wirelesshomealarms.com.au\", \"SEO Element Website\", \"Telema (truncated...)
  
[2021-02-17 15:00:20] local.DEBUG:  App\Jobs\ExportCustomerToSimPro:199:   custom field id 4=> No updated. Status: 204   
[2021-02-17 15:00:21] local.DEBUG:  App\Jobs\ExportCustomerToSimPro:199:   custom field id 5=> 4795954000000410092 updated. Status: 204   
[2021-02-17 15:00:22] local.DEBUG: Site saved in database. SimPro ID: 508  
[2021-02-17 15:00:23] local.DEBUG:  code: 201, status: success  
[2021-02-17 15:00:23] local.ERROR: App\Jobs\SyncSimProSites:187 Error Code ID MISSING  
[2021-02-17 15:00:23] local.ERROR: App\Jobs\SyncSimProSites:188 Error message:  
[2021-02-17 15:00:23] local.ERROR: App\Jobs\SyncSimProSites:189 Error Details:  
[2021-02-17 15:00:23] local.ERROR: App\Http\Controllers\ZohoWebhookController:511: Undefined index: SimPro_ID  
[2021-02-17 15:01:02] local.DEBUG: simpro webhooks data {"ID":"individual.customer.created","build":"elementtest.simprosuite.com","description":"Individual customer #366 has been created.","name":"Individual customer","action":"created","reference":{"companyID":0,"customerID":366,"individualCustomerID":366},"date_triggered":"2021-02-18T01:00:18+10:00"} 
[2021-02-17 15:01:03] local.ERROR: App\Jobs\SyncSPCustomer:55: Error occurred.  
[2021-02-17 15:01:03] local.ERROR: SQLSTATE[23000]: Integrity constraint violation: 1048 Column 'source' cannot be null (SQL: update `customers` set `source` = ?, `dnd` = 0, `ein` = , `website` = , `fax` = , `company_number` = , `customers`.`updated_at` = 2021-02-17 15:01:03 where `id` = 215)  
[2021-02-17 15:01:03] local.ERROR: #0 /home/371465.cloudwaysapps.com/msruyuytpk/public_html/vendor/laravel/framework/src/Illuminate/Database/Connection.php(631): Illuminate\Database\Connection->runQueryCallback('update `custome...', Array, Object(Closure))
#1 /home/371465.cloudwaysapps.com/msruyuytpk/public_html/vendor/laravel/framework/src/Illuminate/Database/Connection.php(496): Illuminate\Database\Connection->run('update `custome...', Array, Object(Closure))
#2 /home/371465.cloudwaysapps.com/msruyuytpk/public_html/vendor/laravel/framework/src/Illuminate/Database/Connection.php(429): Illuminate\Database\Connection->affectingStatement('update `custome...', Array)
#3 /home/371465.cloudwaysapps.com/msruyuytpk/public_html/vendor/laravel/framework/src/Illuminate/Database/Query/Builder.php(2903): Illuminate\Database\Connection->update('update `custome...', Array)
#4 /home/371465.cloudwaysapps.com/msruyuytpk/public_html/vendor/laravel/framework/src/Illuminate/Database/Eloquent/Builder.php(802): Illuminate\Database\Query\Builder->update(Array)
#5 /home/371465.cloudwaysapps.com/msruyuytpk/public_html/vendor/laravel/framework/src/Illuminate/Database/Eloquent/Model.php(935): Illuminate\Database\Eloquent\Builder->update(Array)
#6 /home/371465.cloudwaysapps.com/msruyuytpk/public_html/vendor/laravel/framework/src/Illuminate/Database/Eloquent/Model.php(850): Illuminate\Database\Eloquent\Model->performUpdate(Object(Illuminate\Database\Eloquent\Builder))
#7 /home/371465.cloudwaysapps.com/msruyuytpk/public_html/vendor/laravel/framework/src/Illuminate/Database/Eloquent/Builder.php(464): Illuminate\Database\Eloquent\Model->save()
#8 /home/371465.cloudwaysapps.com/msruyuytpk/public_html/vendor/laravel/framework/src/Illuminate/Support/helpers.php(263): Illuminate\Database\Eloquent\Builder->Illuminate\Database\Eloquent\{closure}(Object(App\Models\Customer))
#9 /home/371465.cloudwaysapps.com/msruyuytpk/public_html/vendor/laravel/framework/src/Illuminate/Database/Eloquent/Builder.php(465): tap(Object(App\Models\Customer), Object(Closure))
#10 /home/371465.cloudwaysapps.com/msruyuytpk/public_html/vendor/laravel/framework/src/Illuminate/Support/Traits/ForwardsCalls.php(23): Illuminate\Database\Eloquent\Builder->updateOrCreate(Array, Array)
#11 /home/371465.cloudwaysapps.com/msruyuytpk/public_html/vendor/laravel/framework/src/Illuminate/Database/Eloquent/Model.php(1884): Illuminate\Database\Eloquent\Model->forwardCallTo(Object(Illuminate\Database\Eloquent\Builder), 'updateOrCreate', Array)
#12 /home/371465.cloudwaysapps.com/msruyuytpk/public_html/vendor/laravel/framework/src/Illuminate/Database/Eloquent/Model.php(1896): Illuminate\Database\Eloquent\Model->__call('updateOrCreate', Array)
#13 /home/371465.cloudwaysapps.com/msruyuytpk/public_html/app/Jobs/SyncSPCustomer.php(112): Illuminate\Database\Eloquent\Model::__callStatic('updateOrCreate', Array)
#14 /home/371465.cloudwaysapps.com/msruyuytpk/public_html/app/Jobs/SyncSPCustomer.php(53): App\Jobs\SyncSPCustomer->viewCustomerDetails(Object(simPRO\RestClient\OAuth2\APIKey), 0, 366)
#15 /home/371465.cloudwaysapps.com/msruyuytpk/public_html/vendor/laravel/framework/src/Illuminate/Container/BoundMethod.php(36): App\Jobs\SyncSPCustomer->handle()
#16 /home/371465.cloudwaysapps.com/msruyuytpk/public_html/vendor/laravel/framework/src/Illuminate/Container/Util.php(40): Illuminate\Container\BoundMethod::Illuminate\Container\{closure}()
#17 /home/371465.cloudwaysapps.com/msruyuytpk/public_html/vendor/laravel/framework/src/Illuminate/Container/BoundMethod.php(93): Illuminate\Container\Util::unwrapIfClosure(Object(Closure))
#18 /home/371465.cloudwaysapps.com/msruyuytpk/public_html/vendor/laravel/framework/src/Illuminate/Container/BoundMethod.php(37): Illuminate\Container\BoundMethod::callBoundMethod(Object(Illuminate\Foundation\Application), Array, Object(Closure))
#19 /home/371465.cloudwaysapps.com/msruyuytpk/public_html/vendor/laravel/framework/src/Illuminate/Container/Container.php(610): Illuminate\Container\BoundMethod::call(Object(Illuminate\Foundation\Application), Array, Array, NULL)
#20 /home/371465.cloudwaysapps.com/msruyuytpk/public_html/vendor/laravel/framework/src/Illuminate/Bus/Dispatcher.php(128): Illuminate\Container\Container->call(Array)
#21 /home/371465.cloudwaysapps.com/msruyuytpk/public_html/vendor/laravel/framework/src/Illuminate/Pipeline/Pipeline.php(128): Illuminate\Bus\Dispatcher->Illuminate\Bus\{closure}(Object(App\Jobs\SyncSPCustomer))
#22 /home/371465.cloudwaysapps.com/msruyuytpk/public_html/vendor/laravel/framework/src/Illuminate/Pipeline/Pipeline.php(103): Illuminate\Pipeline\Pipeline->Illuminate\Pipeline\{closure}(Object(App\Jobs\SyncSPCustomer))
#23 /home/371465.cloudwaysapps.com/msruyuytpk/public_html/vendor/laravel/framework/src/Illuminate/Bus/Dispatcher.php(132): Illuminate\Pipeline\Pipeline->then(Object(Closure))
#24 /home/371465.cloudwaysapps.com/msruyuytpk/public_html/vendor/laravel/framework/src/Illuminate/Queue/CallQueuedHandler.php(91): Illuminate\Bus\Dispatcher->dispatchNow(Object(App\Jobs\SyncSPCustomer), false)
#25 /home/371465.cloudwaysapps.com/msruyuytpk/public_html/vendor/laravel/framework/src/Illuminate/Pipeline/Pipeline.php(128): Illuminate\Queue\CallQueuedHandler->Illuminate\Queue\{closure}(Object(App\Jobs\SyncSPCustomer))
#26 /home/371465.cloudwaysapps.com/msruyuytpk/public_html/vendor/laravel/framework/src/Illuminate/Queue/Middleware/WithoutOverlapping.php(71): Illuminate\Pipeline\Pipeline->Illuminate\Pipeline\{closure}(Object(App\Jobs\SyncSPCustomer))
#27 /home/371465.cloudwaysapps.com/msruyuytpk/public_html/vendor/laravel/framework/src/Illuminate/Pipeline/Pipeline.php(167): Illuminate\Queue\Middleware\WithoutOverlapping->handle(Object(App\Jobs\SyncSPCustomer), Object(Closure))
#28 /home/371465.cloudwaysapps.com/msruyuytpk/public_html/vendor/laravel/framework/src/Illuminate/Pipeline/Pipeline.php(103): Illuminate\Pipeline\Pipeline->Illuminate\Pipeline\{closure}(Object(App\Jobs\SyncSPCustomer))
#29 /home/371465.cloudwaysapps.com/msruyuytpk/public_html/vendor/laravel/framework/src/Illuminate/Queue/CallQueuedHandler.php(93): Illuminate\Pipeline\Pipeline->then(Object(Closure))
#30 /home/371465.cloudwaysapps.com/msruyuytpk/public_html/vendor/laravel/framework/src/Illuminate/Queue/CallQueuedHandler.php(62): Illuminate\Queue\CallQueuedHandler->dispatchThroughMiddleware(Object(Illuminate\Queue\Jobs\SyncJob), Object(App\Jobs\SyncSPCustomer))
#31 /home/371465.cloudwaysapps.com/msruyuytpk/public_html/vendor/laravel/framework/src/Illuminate/Queue/Jobs/Job.php(98): Illuminate\Queue\CallQueuedHandler->call(Object(Illuminate\Queue\Jobs\SyncJob), Array)
#32 /home/371465.cloudwaysapps.com/msruyuytpk/public_html/vendor/laravel/framework/src/Illuminate/Queue/SyncQueue.php(43): Illuminate\Queue\Jobs\Job->fire()
#33 /home/371465.cloudwaysapps.com/msruyuytpk/public_html/vendor/laravel/framework/src/Illuminate/Queue/SyncQueue.php(147): Illuminate\Queue\SyncQueue->push(Object(App\Jobs\SyncSPCustomer), '', NULL)
#34 /home/371465.cloudwaysapps.com/msruyuytpk/public_html/vendor/laravel/framework/src/Illuminate/Bus/Dispatcher.php(248): Illuminate\Queue\SyncQueue->later(Object(Illuminate\Support\Carbon), Object(App\Jobs\SyncSPCustomer))
#35 /home/371465.cloudwaysapps.com/msruyuytpk/public_html/vendor/laravel/framework/src/Illuminate/Bus/Dispatcher.php(227): Illuminate\Bus\Dispatcher->pushCommandToQueue(Object(Illuminate\Queue\SyncQueue), Object(App\Jobs\SyncSPCustomer))
#36 /home/371465.cloudwaysapps.com/msruyuytpk/public_html/vendor/laravel/framework/src/Illuminate/Bus/Dispatcher.php(77): Illuminate\Bus\Dispatcher->dispatchToQueue(Object(App\Jobs\SyncSPCustomer))
#37 /home/371465.cloudwaysapps.com/msruyuytpk/public_html/vendor/laravel/framework/src/Illuminate/Foundation/Bus/PendingDispatch.php(178): Illuminate\Bus\Dispatcher->dispatch(Object(App\Jobs\SyncSPCustomer))
#38 /home/371465.cloudwaysapps.com/msruyuytpk/public_html/app/Http/Controllers/SPWebhookController.php(339): Illuminate\Foundation\Bus\PendingDispatch->__destruct()
#39 /home/371465.cloudwaysapps.com/msruyuytpk/public_html/app/Http/Controllers/SPWebhookController.php(106): App\Http\Controllers\SPWebhookController->handleCustomerUpdated(Array, true)
#40 /home/371465.cloudwaysapps.com/msruyuytpk/public_html/vendor/laravel/framework/src/Illuminate/Routing/Controller.php(54): App\Http\Controllers\SPWebhookController->index(Object(Illuminate\Http\Request), 'company')
#41 /home/371465.cloudwaysapps.com/msruyuytpk/public_html/vendor/laravel/framework/src/Illuminate/Routing/ControllerDispatcher.php(45): Illuminate\Routing\Controller->callAction('index', Array)
#42 /home/371465.cloudwaysapps.com/msruyuytpk/public_html/vendor/laravel/framework/src/Illuminate/Routing/Route.php(255): Illuminate\Routing\ControllerDispatcher->dispatch(Object(Illuminate\Routing\Route), Object(App\Http\Controllers\SPWebhookController), 'index')
#43 /home/371465.cloudwaysapps.com/msruyuytpk/public_html/vendor/laravel/framework/src/Illuminate/Routing/Route.php(197): Illuminate\Routing\Route->runController()
#44 /home/371465.cloudwaysapps.com/msruyuytpk/public_html/vendor/laravel/framework/src/Illuminate/Routing/Router.php(691): Illuminate\Routing\Route->run()
#45 /home/371465.cloudwaysapps.com/msruyuytpk/public_html/vendor/laravel/framework/src/Illuminate/Pipeline/Pipeline.php(128): Illuminate\Routing\Router->Illuminate\Routing\{closure}(Object(Illuminate\Http\Request))
#46 /home/371465.cloudwaysapps.com/msruyuytpk/public_html/vendor/laravel/framework/src/Illuminate/Routing/Middleware/SubstituteBindings.php(41): Illuminate\Pipeline\Pipeline->Illuminate\Pipeline\{closure}(Object(Illuminate\Http\Request))
#47 /home/371465.cloudwaysapps.com/msruyuytpk/public_html/vendor/laravel/framework/src/Illuminate/Pipeline/Pipeline.php(167): Illuminate\Routing\Middleware\SubstituteBindings->handle(Object(Illuminate\Http\Request), Object(Closure))
#48 /home/371465.cloudwaysapps.com/msruyuytpk/public_html/vendor/laravel/framework/src/Illuminate/Foundation/Http/Middleware/VerifyCsrfToken.php(77): Illuminate\Pipeline\Pipeline->Illuminate\Pipeline\{closure}(Object(Illuminate\Http\Request))
#49 /home/371465.cloudwaysapps.com/msruyuytpk/public_html/vendor/laravel/framework/src/Illuminate/Pipeline/Pipeline.php(167): Illuminate\Foundation\Http\Middleware\VerifyCsrfToken->handle(Object(Illuminate\Http\Request), Object(Closure))
#50 /home/371465.cloudwaysapps.com/msruyuytpk/public_html/vendor/laravel/framework/src/Illuminate/View/Middleware/ShareErrorsFromSession.php(49): Illuminate\Pipeline\Pipeline->Illuminate\Pipeline\{closure}(Object(Illuminate\Http\Request))
#51 /home/371465.cloudwaysapps.com/msruyuytpk/public_html/vendor/laravel/framework/src/Illuminate/Pipeline/Pipeline.php(167): Illuminate\View\Middleware\ShareErrorsFromSession->handle(Object(Illuminate\Http\Request), Object(Closure))
#52 /home/371465.cloudwaysapps.com/msruyuytpk/public_html/vendor/laravel/framework/src/Illuminate/Session/Middleware/AuthenticateSession.php(39): Illuminate\Pipeline\Pipeline->Illuminate\Pipeline\{closure}(Object(Illuminate\Http\Request))
#53 /home/371465.cloudwaysapps.com/msruyuytpk/public_html/vendor/laravel/framework/src/Illuminate/Pipeline/Pipeline.php(167): Illuminate\Session\Middleware\AuthenticateSession->handle(Object(Illuminate\Http\Request), Object(Closure))
#54 /home/371465.cloudwaysapps.com/msruyuytpk/public_html/vendor/laravel/framework/src/Illuminate/Session/Middleware/StartSession.php(121): Illuminate\Pipeline\Pipeline->Illuminate\Pipeline\{closure}(Object(Illuminate\Http\Request))
#55 /home/371465.cloudwaysapps.com/msruyuytpk/public_html/vendor/laravel/framework/src/Illuminate/Session/Middleware/StartSession.php(63): Illuminate\Session\Middleware\StartSession->handleStatefulRequest(Object(Illuminate\Http\Request), Object(Illuminate\Session\Store), Object(Closure))
#56 /home/371465.cloudwaysapps.com/msruyuytpk/public_html/vendor/laravel/framework/src/Illuminate/Pipeline/Pipeline.php(167): Illuminate\Session\Middleware\StartSession->handle(Object(Illuminate\Http\Request), Object(Closure))
#57 /home/371465.cloudwaysapps.com/msruyuytpk/public_html/vendor/laravel/framework/src/Illuminate/Cookie/Middleware/AddQueuedCookiesToResponse.php(37): Illuminate\Pipeline\Pipeline->Illuminate\Pipeline\{closure}(Object(Illuminate\Http\Request))
#58 /home/371465.cloudwaysapps.com/msruyuytpk/public_html/vendor/laravel/framework/src/Illuminate/Pipeline/Pipeline.php(167): Illuminate\Cookie\Middleware\AddQueuedCookiesToResponse->handle(Object(Illuminate\Http\Request), Object(Closure))
#59 /home/371465.cloudwaysapps.com/msruyuytpk/public_html/vendor/laravel/framework/src/Illuminate/Cookie/Middleware/EncryptCookies.php(67): Illuminate\Pipeline\Pipeline->Illuminate\Pipeline\{closure}(Object(Illuminate\Http\Request))
#60 /home/371465.cloudwaysapps.com/msruyuytpk/public_html/vendor/laravel/framework/src/Illuminate/Pipeline/Pipeline.php(167): Illuminate\Cookie\Middleware\EncryptCookies->handle(Object(Illuminate\Http\Request), Object(Closure))
#61 /home/371465.cloudwaysapps.com/msruyuytpk/public_html/vendor/laravel/framework/src/Illuminate/Pipeline/Pipeline.php(103): Illuminate\Pipeline\Pipeline->Illuminate\Pipeline\{closure}(Object(Illuminate\Http\Request))
#62 /home/371465.cloudwaysapps.com/msruyuytpk/public_html/vendor/laravel/framework/src/Illuminate/Routing/Router.php(693): Illuminate\Pipeline\Pipeline->then(Object(Closure))
#63 /home/371465.cloudwaysapps.com/msruyuytpk/public_html/vendor/laravel/framework/src/Illuminate/Routing/Router.php(668): Illuminate\Routing\Router->runRouteWithinStack(Object(Illuminate\Routing\Route), Object(Illuminate\Http\Request))
#64 /home/371465.cloudwaysapps.com/msruyuytpk/public_html/vendor/laravel/framework/src/Illuminate/Routing/Router.php(634): Illuminate\Routing\Router->runRoute(Object(Illuminate\Http\Request), Object(Illuminate\Routing\Route))
#65 /home/371465.cloudwaysapps.com/msruyuytpk/public_html/vendor/laravel/framework/src/Illuminate/Routing/Router.php(623): Illuminate\Routing\Router->dispatchToRoute(Object(Illuminate\Http\Request))
#66 /home/371465.cloudwaysapps.com/msruyuytpk/public_html/vendor/laravel/framework/src/Illuminate/Foundation/Http/Kernel.php(166): Illuminate\Routing\Router->dispatch(Object(Illuminate\Http\Request))
#67 /home/371465.cloudwaysapps.com/msruyuytpk/public_html/vendor/laravel/framework/src/Illuminate/Pipeline/Pipeline.php(128): Illuminate\Foundation\Http\Kernel->Illuminate\Foundation\Http\{closure}(Object(Illuminate\Http\Request))
#68 /home/371465.cloudwaysapps.com/msruyuytpk/public_html/vendor/laravel/framework/src/Illuminate/Foundation/Http/Middleware/TransformsRequest.php(21): Illuminate\Pipeline\Pipeline->Illuminate\Pipeline\{closure}(Object(Illuminate\Http\Request))
#69 /home/371465.cloudwaysapps.com/msruyuytpk/public_html/vendor/laravel/framework/src/Illuminate/Pipeline/Pipeline.php(167): Illuminate\Foundation\Http\Middleware\TransformsRequest->handle(Object(Illuminate\Http\Request), Object(Closure))
#70 /home/371465.cloudwaysapps.com/msruyuytpk/public_html/vendor/laravel/framework/src/Illuminate/Foundation/Http/Middleware/TransformsRequest.php(21): Illuminate\Pipeline\Pipeline->Illuminate\Pipeline\{closure}(Object(Illuminate\Http\Request))
#71 /home/371465.cloudwaysapps.com/msruyuytpk/public_html/vendor/laravel/framework/src/Illuminate/Pipeline/Pipeline.php(167): Illuminate\Foundation\Http\Middleware\TransformsRequest->handle(Object(Illuminate\Http\Request), Object(Closure))
#72 /home/371465.cloudwaysapps.com/msruyuytpk/public_html/vendor/laravel/framework/src/Illuminate/Foundation/Http/Middleware/ValidatePostSize.php(27): Illuminate\Pipeline\Pipeline->Illuminate\Pipeline\{closure}(Object(Illuminate\Http\Request))
#73 /home/371465.cloudwaysapps.com/msruyuytpk/public_html/vendor/laravel/framework/src/Illuminate/Pipeline/Pipeline.php(167): Illuminate\Foundation\Http\Middleware\ValidatePostSize->handle(Object(Illuminate\Http\Request), Object(Closure))
#74 /home/371465.cloudwaysapps.com/msruyuytpk/public_html/vendor/laravel/framework/src/Illuminate/Foundation/Http/Middleware/PreventRequestsDuringMaintenance.php(87): Illuminate\Pipeline\Pipeline->Illuminate\Pipeline\{closure}(Object(Illuminate\Http\Request))
#75 /home/371465.cloudwaysapps.com/msruyuytpk/public_html/vendor/laravel/framework/src/Illuminate/Pipeline/Pipeline.php(167): Illuminate\Foundation\Http\Middleware\PreventRequestsDuringMaintenance->handle(Object(Illuminate\Http\Request), Object(Closure))
#76 /home/371465.cloudwaysapps.com/msruyuytpk/public_html/vendor/fruitcake/laravel-cors/src/HandleCors.php(37): Illuminate\Pipeline\Pipeline->Illuminate\Pipeline\{closure}(Object(Illuminate\Http\Request))
#77 /home/371465.cloudwaysapps.com/msruyuytpk/public_html/vendor/laravel/framework/src/Illuminate/Pipeline/Pipeline.php(167): Fruitcake\Cors\HandleCors->handle(Object(Illuminate\Http\Request), Object(Closure))
#78 /home/371465.cloudwaysapps.com/msruyuytpk/public_html/vendor/fideloper/proxy/src/TrustProxies.php(57): Illuminate\Pipeline\Pipeline->Illuminate\Pipeline\{closure}(Object(Illuminate\Http\Request))
#79 /home/371465.cloudwaysapps.com/msruyuytpk/public_html/vendor/laravel/framework/src/Illuminate/Pipeline/Pipeline.php(167): Fideloper\Proxy\TrustProxies->handle(Object(Illuminate\Http\Request), Object(Closure))
#80 /home/371465.cloudwaysapps.com/msruyuytpk/public_html/vendor/laravel/framework/src/Illuminate/Pipeline/Pipeline.php(103): Illuminate\Pipeline\Pipeline->Illuminate\Pipeline\{closure}(Object(Illuminate\Http\Request))
#81 /home/371465.cloudwaysapps.com/msruyuytpk/public_html/vendor/laravel/framework/src/Illuminate/Foundation/Http/Kernel.php(141): Illuminate\Pipeline\Pipeline->then(Object(Closure))
#82 /home/371465.cloudwaysapps.com/msruyuytpk/public_html/vendor/laravel/framework/src/Illuminate/Foundation/Http/Kernel.php(110): Illuminate\Foundation\Http\Kernel->sendRequestThroughRouter(Object(Illuminate\Http\Request))
#83 /home/371465.cloudwaysapps.com/msruyuytpk/public_html/public/index.php(52): Illuminate\Foundation\Http\Kernel->handle(Object(Illuminate\Http\Request))
#84 {main}  
