[2021-02-16 07:19:47] local.DEBUG: data {"code":"1000.a21a36209a1395f0e038257fe316e196.1f7b26c867e249ab98f473ca28bda1e2","location":"us","accounts-server":"https://accounts.zoho.com"} 
[2021-02-16 07:19:47] local.DEBUG: Array
(
    [client_id] => 1000.2DI75N0PWV4JD64B0YO8HPT4LIP5IP
    [client_secret] => 46fb08edfedc2605051400b0516b3ac0b3e5072e1e
    [self] => 
    [user_email] => coo@cloudanalogy.com
)
  
[2021-02-16 07:19:47] local.DEBUG: grant token: 1000.a21a36209a1395f0e038257fe316e196.1f7b26c867e249ab98f473ca28bda1e2  
[2021-02-16 07:19:47] local.DEBUG: oauth token:  [{"zcrmsdk\\oauth\\ZohoOAuthClient":[]}] 
[2021-02-16 07:19:47] local.DEBUG: AppHelper: 19token:  [{"zcrmsdk\\oauth\\utility\\ZohoOAuthTokens":[]}] 
[2021-02-16 07:30:22] local.DEBUG: contact zoho webhook received {"OrgID":"740974695","ID":"4795954000000351257"} 
[2021-02-16 07:30:22] local.DEBUG: Contact data: 
Array
(
    [Mobile_Phone] => 
    [Email] => dr1@gmail.com
    [Description] => 
    [Visitor_Score] => 
    [Number_Of_Chats] => 
    [Average_Time_Spent_Minutes] => 
    [Salutation] => 
    [Simpro_ID] => 
    [First_Name] => testgrtybyyuti
    [Full_Name] => testgrtybyyuti R
    [Record_Image] => 
    [Departmentd] => 
    [Unsubscribed_Mode] => 
    [Phone] => 
    [Work_Phone] => 
    [Notes] => 
    [First_Visited_URL] => 
    [Days_Visited] => 
    [Position] => 
    [Home_Phone1] => 
    [Unsubscribed_Time] => 
    [Simpro_URL] => 
    [Home_Phone] => 
    [First_Visited_Time] => 
    [Last_Name] => R
    [Customer_ID] => 
    [Referrer] => 
    [Lead_Source] => Advertisement
    [Last_Visited_Time] => 
    [Fax] => 
)
  
[2021-02-16 07:31:13] local.ERROR: App\Http\Controllers\CustomerController:130 Error Occurred. Client error: `POST https://elementtest.simprosuite.com/api/v1.0/companies/0/customers/individuals/?createSite=true` resulted in a `422 Unprocessable Entity` response:
{"errors":[{"path":"\/GivenName","message":"Must not be empty","value":""},{"path":"\/FamilyName","message":"Must not be (truncated...)
  
[2021-02-16 09:02:50] local.DEBUG: data {"code":"1000.49f926d94c324cabc510e73ef02f488d.94cd43f7264d7106dd7066ecd43622e0","location":"us","accounts-server":"https://accounts.zoho.com"} 
[2021-02-16 09:02:50] local.DEBUG: Array
(
    [client_id] => 1000.2DI75N0PWV4JD64B0YO8HPT4LIP5IP
    [client_secret] => 46fb08edfedc2605051400b0516b3ac0b3e5072e1e
    [self] => 
    [user_email] => coo@cloudanalogy.com
)
  
[2021-02-16 09:02:50] local.DEBUG: grant token: 1000.49f926d94c324cabc510e73ef02f488d.94cd43f7264d7106dd7066ecd43622e0  
[2021-02-16 09:02:50] local.DEBUG: oauth token:  [{"zcrmsdk\\oauth\\ZohoOAuthClient":[]}] 
[2021-02-16 09:02:50] local.DEBUG: AppHelper: 19token:  [{"zcrmsdk\\oauth\\utility\\ZohoOAuthTokens":[]}] 
[2021-02-16 09:05:03] local.DEBUG: simpro webhooks data {"ID":"individual.customer.updated","build":"elementtest.simprosuite.com","description":"Individual customer #354 has been updated.","name":"Individual customer","action":"updated","reference":{"companyID":0,"customerID":354,"individualCustomerID":354},"date_triggered":"2021-02-16T19:04:19+10:00"} 
[2021-02-16 09:05:03] local.DEBUG: simpro webhooks data {"ID":"individual.customer.deleted","build":"elementtest.simprosuite.com","description":"Individual customer #353 has been deleted.","name":"Individual customer","action":"deleted","reference":{"companyID":0,"customerID":353,"individualCustomerID":353},"date_triggered":"2021-02-16T19:04:19+10:00"} 
[2021-02-16 09:05:03] local.DEBUG: simpro webhooks data {"ID":"company.customer.deleted","build":"elementtest.simprosuite.com","description":"Company customer #352 has been deleted.","name":"Company customer","action":"deleted","reference":{"companyID":0,"customerID":352,"companyCustomerID":352},"date_triggered":"2021-02-16T19:04:19+10:00"} 
[2021-02-16 09:05:03] local.ERROR: App\Http\Controllers\SPWebhookController:381 Error Code INVALID_MODULE  
[2021-02-16 09:05:03] local.ERROR: App\Http\Controllers\SPWebhookController:382 Error Details:  
[2021-02-16 09:05:03] local.DEBUG: customer   with simpro ID: 352 deleted.  
[2021-02-16 09:05:03] local.ERROR: App\Http\Controllers\SPWebhookController:381 Error Code INVALID_MODULE  
[2021-02-16 09:05:03] local.ERROR: App\Http\Controllers\SPWebhookController:382 Error Details:  
[2021-02-16 09:05:03] local.DEBUG: customer Individual 2:53 Indiv with simpro ID: 353 deleted.  
[2021-02-16 09:05:04] local.ERROR: App\Jobs\SyncSPCustomer:55: Error occurred.  
[2021-02-16 09:05:04] local.ERROR: SQLSTATE[23000]: Integrity constraint violation: 1048 Column 'source' cannot be null (SQL: update `customers` set `source` = ?, `archived` = 1, `customers`.`updated_at` = 2021-02-16 09:05:04 where `id` = 197)  
[2021-02-16 09:05:04] local.ERROR: #0 /home/371465.cloudwaysapps.com/msruyuytpk/public_html/vendor/laravel/framework/src/Illuminate/Database/Connection.php(631): Illuminate\Database\Connection->runQueryCallback('update `custome...', Array, Object(Closure))
#1 /home/371465.cloudwaysapps.com/msruyuytpk/public_html/vendor/laravel/framework/src/Illuminate/Database/Connection.php(496): Illuminate\Database\Connection->run('update `custome...', Array, Object(Closure))
#2 /home/371465.cloudwaysapps.com/msruyuytpk/public_html/vendor/laravel/framework/src/Illuminate/Database/Connection.php(429): Illuminate\Database\Connection->affectingStatement('update `custome...', Array)
#3 /home/371465.cloudwaysapps.com/msruyuytpk/public_html/vendor/laravel/framework/src/Illuminate/Database/Query/Builder.php(2903): Illuminate\Database\Connection->update('update `custome...', Array)
#4 /home/371465.cloudwaysapps.com/msruyuytpk/public_html/vendor/laravel/framework/src/Illuminate/Database/Eloquent/Builder.php(802): Illuminate\Database\Query\Builder->update(Array)
#5 /home/371465.cloudwaysapps.com/msruyuytpk/public_html/vendor/laravel/framework/src/Illuminate/Database/Eloquent/Model.php(935): Illuminate\Database\Eloquent\Builder->update(Array)
#6 /home/371465.cloudwaysapps.com/msruyuytpk/public_html/vendor/laravel/framework/src/Illuminate/Database/Eloquent/Model.php(850): Illuminate\Database\Eloquent\Model->performUpdate(Object(Illuminate\Database\Eloquent\Builder))
#7 /home/371465.cloudwaysapps.com/msruyuytpk/public_html/vendor/laravel/framework/src/Illuminate/Database/Eloquent/Builder.php(464): Illuminate\Database\Eloquent\Model->save()
#8 /home/371465.cloudwaysapps.com/msruyuytpk/public_html/vendor/laravel/framework/src/Illuminate/Support/helpers.php(263): Illuminate\Database\Eloquent\Builder->Illuminate\Database\Eloquent\{closure}(Object(App\Models\Customer))
#9 /home/371465.cloudwaysapps.com/msruyuytpk/public_html/vendor/laravel/framework/src/Illuminate/Database/Eloquent/Builder.php(465): tap(Object(App\Models\Customer), Object(Closure))
#10 /home/371465.cloudwaysapps.com/msruyuytpk/public_html/vendor/laravel/framework/src/Illuminate/Support/Traits/ForwardsCalls.php(23): Illuminate\Database\Eloquent\Builder->updateOrCreate(Array, Array)
#11 /home/371465.cloudwaysapps.com/msruyuytpk/public_html/vendor/laravel/framework/src/Illuminate/Database/Eloquent/Model.php(1884): Illuminate\Database\Eloquent\Model->forwardCallTo(Object(Illuminate\Database\Eloquent\Builder), 'updateOrCreate', Array)
#12 /home/371465.cloudwaysapps.com/msruyuytpk/public_html/vendor/laravel/framework/src/Illuminate/Database/Eloquent/Model.php(1896): Illuminate\Database\Eloquent\Model->__call('updateOrCreate', Array)
#13 /home/371465.cloudwaysapps.com/msruyuytpk/public_html/app/Jobs/SyncSPCustomer.php(112): Illuminate\Database\Eloquent\Model::__callStatic('updateOrCreate', Array)
#14 /home/371465.cloudwaysapps.com/msruyuytpk/public_html/app/Jobs/SyncSPCustomer.php(53): App\Jobs\SyncSPCustomer->viewCustomerDetails(Object(simPRO\RestClient\OAuth2\APIKey), 0, 354)
#15 /home/371465.cloudwaysapps.com/msruyuytpk/public_html/vendor/laravel/framework/src/Illuminate/Container/BoundMethod.php(36): App\Jobs\SyncSPCustomer->handle()
#16 /home/371465.cloudwaysapps.com/msruyuytpk/public_html/vendor/laravel/framework/src/Illuminate/Container/Util.php(40): Illuminate\Container\BoundMethod::Illuminate\Container\{closure}()
#17 /home/371465.cloudwaysapps.com/msruyuytpk/public_html/vendor/laravel/framework/src/Illuminate/Container/BoundMethod.php(93): Illuminate\Container\Util::unwrapIfClosure(Object(Closure))
#18 /home/371465.cloudwaysapps.com/msruyuytpk/public_html/vendor/laravel/framework/src/Illuminate/Container/BoundMethod.php(37): Illuminate\Container\BoundMethod::callBoundMethod(Object(Illuminate\Foundation\Application), Array, Object(Closure))
#19 /home/371465.cloudwaysapps.com/msruyuytpk/public_html/vendor/laravel/framework/src/Illuminate/Container/Container.php(610): Illuminate\Container\BoundMethod::call(Object(Illuminate\Foundation\Application), Array, Array, NULL)
#20 /home/371465.cloudwaysapps.com/msruyuytpk/public_html/vendor/laravel/framework/src/Illuminate/Bus/Dispatcher.php(128): Illuminate\Container\Container->call(Array)
#21 /home/371465.cloudwaysapps.com/msruyuytpk/public_html/vendor/laravel/framework/src/Illuminate/Pipeline/Pipeline.php(128): Illuminate\Bus\Dispatcher->Illuminate\Bus\{closure}(Object(App\Jobs\SyncSPCustomer))
#22 /home/371465.cloudwaysapps.com/msruyuytpk/public_html/vendor/laravel/framework/src/Illuminate/Pipeline/Pipeline.php(103): Illuminate\Pipeline\Pipeline->Illuminate\Pipeline\{closure}(Object(App\Jobs\SyncSPCustomer))
#23 /home/371465.cloudwaysapps.com/msruyuytpk/public_html/vendor/laravel/framework/src/Illuminate/Bus/Dispatcher.php(132): Illuminate\Pipeline\Pipeline->then(Object(Closure))
#24 /home/371465.cloudwaysapps.com/msruyuytpk/public_html/vendor/laravel/framework/src/Illuminate/Queue/CallQueuedHandler.php(91): Illuminate\Bus\Dispatcher->dispatchNow(Object(App\Jobs\SyncSPCustomer), false)
#25 /home/371465.cloudwaysapps.com/msruyuytpk/public_html/vendor/laravel/framework/src/Illuminate/Pipeline/Pipeline.php(128): Illuminate\Queue\CallQueuedHandler->Illuminate\Queue\{closure}(Object(App\Jobs\SyncSPCustomer))
#26 /home/371465.cloudwaysapps.com/msruyuytpk/public_html/vendor/laravel/framework/src/Illuminate/Queue/Middleware/WithoutOverlapping.php(71): Illuminate\Pipeline\Pipeline->Illuminate\Pipeline\{closure}(Object(App\Jobs\SyncSPCustomer))
#27 /home/371465.cloudwaysapps.com/msruyuytpk/public_html/vendor/laravel/framework/src/Illuminate/Pipeline/Pipeline.php(167): Illuminate\Queue\Middleware\WithoutOverlapping->handle(Object(App\Jobs\SyncSPCustomer), Object(Closure))
#28 /home/371465.cloudwaysapps.com/msruyuytpk/public_html/vendor/laravel/framework/src/Illuminate/Pipeline/Pipeline.php(103): Illuminate\Pipeline\Pipeline->Illuminate\Pipeline\{closure}(Object(App\Jobs\SyncSPCustomer))
#29 /home/371465.cloudwaysapps.com/msruyuytpk/public_html/vendor/laravel/framework/src/Illuminate/Queue/CallQueuedHandler.php(93): Illuminate\Pipeline\Pipeline->then(Object(Closure))
#30 /home/371465.cloudwaysapps.com/msruyuytpk/public_html/vendor/laravel/framework/src/Illuminate/Queue/CallQueuedHandler.php(62): Illuminate\Queue\CallQueuedHandler->dispatchThroughMiddleware(Object(Illuminate\Queue\Jobs\SyncJob), Object(App\Jobs\SyncSPCustomer))
#31 /home/371465.cloudwaysapps.com/msruyuytpk/public_html/vendor/laravel/framework/src/Illuminate/Queue/Jobs/Job.php(98): Illuminate\Queue\CallQueuedHandler->call(Object(Illuminate\Queue\Jobs\SyncJob), Array)
#32 /home/371465.cloudwaysapps.com/msruyuytpk/public_html/vendor/laravel/framework/src/Illuminate/Queue/SyncQueue.php(43): Illuminate\Queue\Jobs\Job->fire()
#33 /home/371465.cloudwaysapps.com/msruyuytpk/public_html/vendor/laravel/framework/src/Illuminate/Queue/SyncQueue.php(147): Illuminate\Queue\SyncQueue->push(Object(App\Jobs\SyncSPCustomer), '', NULL)
#34 /home/371465.cloudwaysapps.com/msruyuytpk/public_html/vendor/laravel/framework/src/Illuminate/Bus/Dispatcher.php(248): Illuminate\Queue\SyncQueue->later(Object(Illuminate\Support\Carbon), Object(App\Jobs\SyncSPCustomer))
#35 /home/371465.cloudwaysapps.com/msruyuytpk/public_html/vendor/laravel/framework/src/Illuminate/Bus/Dispatcher.php(227): Illuminate\Bus\Dispatcher->pushCommandToQueue(Object(Illuminate\Queue\SyncQueue), Object(App\Jobs\SyncSPCustomer))
#36 /home/371465.cloudwaysapps.com/msruyuytpk/public_html/vendor/laravel/framework/src/Illuminate/Bus/Dispatcher.php(77): Illuminate\Bus\Dispatcher->dispatchToQueue(Object(App\Jobs\SyncSPCustomer))
#37 /home/371465.cloudwaysapps.com/msruyuytpk/public_html/vendor/laravel/framework/src/Illuminate/Foundation/Bus/PendingDispatch.php(178): Illuminate\Bus\Dispatcher->dispatch(Object(App\Jobs\SyncSPCustomer))
#38 /home/371465.cloudwaysapps.com/msruyuytpk/public_html/app/Http/Controllers/SPWebhookController.php(335): Illuminate\Foundation\Bus\PendingDispatch->__destruct()
#39 /home/371465.cloudwaysapps.com/msruyuytpk/public_html/app/Http/Controllers/SPWebhookController.php(106): App\Http\Controllers\SPWebhookController->handleCustomerUpdated(Array, true)
#40 /home/371465.cloudwaysapps.com/msruyuytpk/public_html/vendor/laravel/framework/src/Illuminate/Routing/Controller.php(54): App\Http\Controllers\SPWebhookController->index(Object(Illuminate\Http\Request), 'company')
#41 /home/371465.cloudwaysapps.com/msruyuytpk/public_html/vendor/laravel/framework/src/Illuminate/Routing/ControllerDispatcher.php(45): Illuminate\Routing\Controller->callAction('index', Array)
#42 /home/371465.cloudwaysapps.com/msruyuytpk/public_html/vendor/laravel/framework/src/Illuminate/Routing/Route.php(255): Illuminate\Routing\ControllerDispatcher->dispatch(Object(Illuminate\Routing\Route), Object(App\Http\Controllers\SPWebhookController), 'index')
#43 /home/371465.cloudwaysapps.com/msruyuytpk/public_html/vendor/laravel/framework/src/Illuminate/Routing/Route.php(197): Illuminate\Routing\Route->runController()
#44 /home/371465.cloudwaysapps.com/msruyuytpk/public_html/vendor/laravel/framework/src/Illuminate/Routing/Router.php(691): Illuminate\Routing\Route->run()
#45 /home/371465.cloudwaysapps.com/msruyuytpk/public_html/vendor/laravel/framework/src/Illuminate/Pipeline/Pipeline.php(128): Illuminate\Routing\Router->Illuminate\Routing\{closure}(Object(Illuminate\Http\Request))
#46 /home/371465.cloudwaysapps.com/msruyuytpk/public_html/vendor/laravel/framework/src/Illuminate/Routing/Middleware/SubstituteBindings.php(41): Illuminate\Pipeline\Pipeline->Illuminate\Pipeline\{closure}(Object(Illuminate\Http\Request))
#47 /home/371465.cloudwaysapps.com/msruyuytpk/public_html/vendor/laravel/framework/src/Illuminate/Pipeline/Pipeline.php(167): Illuminate\Routing\Middleware\SubstituteBindings->handle(Object(Illuminate\Http\Request), Object(Closure))
#48 /home/371465.cloudwaysapps.com/msruyuytpk/public_html/vendor/laravel/framework/src/Illuminate/Foundation/Http/Middleware/VerifyCsrfToken.php(77): Illuminate\Pipeline\Pipeline->Illuminate\Pipeline\{closure}(Object(Illuminate\Http\Request))
#49 /home/371465.cloudwaysapps.com/msruyuytpk/public_html/vendor/laravel/framework/src/Illuminate/Pipeline/Pipeline.php(167): Illuminate\Foundation\Http\Middleware\VerifyCsrfToken->handle(Object(Illuminate\Http\Request), Object(Closure))
#50 /home/371465.cloudwaysapps.com/msruyuytpk/public_html/vendor/laravel/framework/src/Illuminate/View/Middleware/ShareErrorsFromSession.php(49): Illuminate\Pipeline\Pipeline->Illuminate\Pipeline\{closure}(Object(Illuminate\Http\Request))
#51 /home/371465.cloudwaysapps.com/msruyuytpk/public_html/vendor/laravel/framework/src/Illuminate/Pipeline/Pipeline.php(167): Illuminate\View\Middleware\ShareErrorsFromSession->handle(Object(Illuminate\Http\Request), Object(Closure))
#52 /home/371465.cloudwaysapps.com/msruyuytpk/public_html/vendor/laravel/framework/src/Illuminate/Session/Middleware/AuthenticateSession.php(39): Illuminate\Pipeline\Pipeline->Illuminate\Pipeline\{closure}(Object(Illuminate\Http\Request))
#53 /home/371465.cloudwaysapps.com/msruyuytpk/public_html/vendor/laravel/framework/src/Illuminate/Pipeline/Pipeline.php(167): Illuminate\Session\Middleware\AuthenticateSession->handle(Object(Illuminate\Http\Request), Object(Closure))
#54 /home/371465.cloudwaysapps.com/msruyuytpk/public_html/vendor/laravel/framework/src/Illuminate/Session/Middleware/StartSession.php(121): Illuminate\Pipeline\Pipeline->Illuminate\Pipeline\{closure}(Object(Illuminate\Http\Request))
#55 /home/371465.cloudwaysapps.com/msruyuytpk/public_html/vendor/laravel/framework/src/Illuminate/Session/Middleware/StartSession.php(63): Illuminate\Session\Middleware\StartSession->handleStatefulRequest(Object(Illuminate\Http\Request), Object(Illuminate\Session\Store), Object(Closure))
#56 /home/371465.cloudwaysapps.com/msruyuytpk/public_html/vendor/laravel/framework/src/Illuminate/Pipeline/Pipeline.php(167): Illuminate\Session\Middleware\StartSession->handle(Object(Illuminate\Http\Request), Object(Closure))
#57 /home/371465.cloudwaysapps.com/msruyuytpk/public_html/vendor/laravel/framework/src/Illuminate/Cookie/Middleware/AddQueuedCookiesToResponse.php(37): Illuminate\Pipeline\Pipeline->Illuminate\Pipeline\{closure}(Object(Illuminate\Http\Request))
#58 /home/371465.cloudwaysapps.com/msruyuytpk/public_html/vendor/laravel/framework/src/Illuminate/Pipeline/Pipeline.php(167): Illuminate\Cookie\Middleware\AddQueuedCookiesToResponse->handle(Object(Illuminate\Http\Request), Object(Closure))
#59 /home/371465.cloudwaysapps.com/msruyuytpk/public_html/vendor/laravel/framework/src/Illuminate/Cookie/Middleware/EncryptCookies.php(67): Illuminate\Pipeline\Pipeline->Illuminate\Pipeline\{closure}(Object(Illuminate\Http\Request))
#60 /home/371465.cloudwaysapps.com/msruyuytpk/public_html/vendor/laravel/framework/src/Illuminate/Pipeline/Pipeline.php(167): Illuminate\Cookie\Middleware\EncryptCookies->handle(Object(Illuminate\Http\Request), Object(Closure))
#61 /home/371465.cloudwaysapps.com/msruyuytpk/public_html/vendor/laravel/framework/src/Illuminate/Pipeline/Pipeline.php(103): Illuminate\Pipeline\Pipeline->Illuminate\Pipeline\{closure}(Object(Illuminate\Http\Request))
#62 /home/371465.cloudwaysapps.com/msruyuytpk/public_html/vendor/laravel/framework/src/Illuminate/Routing/Router.php(693): Illuminate\Pipeline\Pipeline->then(Object(Closure))
#63 /home/371465.cloudwaysapps.com/msruyuytpk/public_html/vendor/laravel/framework/src/Illuminate/Routing/Router.php(668): Illuminate\Routing\Router->runRouteWithinStack(Object(Illuminate\Routing\Route), Object(Illuminate\Http\Request))
#64 /home/371465.cloudwaysapps.com/msruyuytpk/public_html/vendor/laravel/framework/src/Illuminate/Routing/Router.php(634): Illuminate\Routing\Router->runRoute(Object(Illuminate\Http\Request), Object(Illuminate\Routing\Route))
#65 /home/371465.cloudwaysapps.com/msruyuytpk/public_html/vendor/laravel/framework/src/Illuminate/Routing/Router.php(623): Illuminate\Routing\Router->dispatchToRoute(Object(Illuminate\Http\Request))
#66 /home/371465.cloudwaysapps.com/msruyuytpk/public_html/vendor/laravel/framework/src/Illuminate/Foundation/Http/Kernel.php(166): Illuminate\Routing\Router->dispatch(Object(Illuminate\Http\Request))
#67 /home/371465.cloudwaysapps.com/msruyuytpk/public_html/vendor/laravel/framework/src/Illuminate/Pipeline/Pipeline.php(128): Illuminate\Foundation\Http\Kernel->Illuminate\Foundation\Http\{closure}(Object(Illuminate\Http\Request))
#68 /home/371465.cloudwaysapps.com/msruyuytpk/public_html/vendor/laravel/framework/src/Illuminate/Foundation/Http/Middleware/TransformsRequest.php(21): Illuminate\Pipeline\Pipeline->Illuminate\Pipeline\{closure}(Object(Illuminate\Http\Request))
#69 /home/371465.cloudwaysapps.com/msruyuytpk/public_html/vendor/laravel/framework/src/Illuminate/Pipeline/Pipeline.php(167): Illuminate\Foundation\Http\Middleware\TransformsRequest->handle(Object(Illuminate\Http\Request), Object(Closure))
#70 /home/371465.cloudwaysapps.com/msruyuytpk/public_html/vendor/laravel/framework/src/Illuminate/Foundation/Http/Middleware/TransformsRequest.php(21): Illuminate\Pipeline\Pipeline->Illuminate\Pipeline\{closure}(Object(Illuminate\Http\Request))
#71 /home/371465.cloudwaysapps.com/msruyuytpk/public_html/vendor/laravel/framework/src/Illuminate/Pipeline/Pipeline.php(167): Illuminate\Foundation\Http\Middleware\TransformsRequest->handle(Object(Illuminate\Http\Request), Object(Closure))
#72 /home/371465.cloudwaysapps.com/msruyuytpk/public_html/vendor/laravel/framework/src/Illuminate/Foundation/Http/Middleware/ValidatePostSize.php(27): Illuminate\Pipeline\Pipeline->Illuminate\Pipeline\{closure}(Object(Illuminate\Http\Request))
#73 /home/371465.cloudwaysapps.com/msruyuytpk/public_html/vendor/laravel/framework/src/Illuminate/Pipeline/Pipeline.php(167): Illuminate\Foundation\Http\Middleware\ValidatePostSize->handle(Object(Illuminate\Http\Request), Object(Closure))
#74 /home/371465.cloudwaysapps.com/msruyuytpk/public_html/vendor/laravel/framework/src/Illuminate/Foundation/Http/Middleware/PreventRequestsDuringMaintenance.php(87): Illuminate\Pipeline\Pipeline->Illuminate\Pipeline\{closure}(Object(Illuminate\Http\Request))
#75 /home/371465.cloudwaysapps.com/msruyuytpk/public_html/vendor/laravel/framework/src/Illuminate/Pipeline/Pipeline.php(167): Illuminate\Foundation\Http\Middleware\PreventRequestsDuringMaintenance->handle(Object(Illuminate\Http\Request), Object(Closure))
#76 /home/371465.cloudwaysapps.com/msruyuytpk/public_html/vendor/fruitcake/laravel-cors/src/HandleCors.php(37): Illuminate\Pipeline\Pipeline->Illuminate\Pipeline\{closure}(Object(Illuminate\Http\Request))
#77 /home/371465.cloudwaysapps.com/msruyuytpk/public_html/vendor/laravel/framework/src/Illuminate/Pipeline/Pipeline.php(167): Fruitcake\Cors\HandleCors->handle(Object(Illuminate\Http\Request), Object(Closure))
#78 /home/371465.cloudwaysapps.com/msruyuytpk/public_html/vendor/fideloper/proxy/src/TrustProxies.php(57): Illuminate\Pipeline\Pipeline->Illuminate\Pipeline\{closure}(Object(Illuminate\Http\Request))
#79 /home/371465.cloudwaysapps.com/msruyuytpk/public_html/vendor/laravel/framework/src/Illuminate/Pipeline/Pipeline.php(167): Fideloper\Proxy\TrustProxies->handle(Object(Illuminate\Http\Request), Object(Closure))
#80 /home/371465.cloudwaysapps.com/msruyuytpk/public_html/vendor/laravel/framework/src/Illuminate/Pipeline/Pipeline.php(103): Illuminate\Pipeline\Pipeline->Illuminate\Pipeline\{closure}(Object(Illuminate\Http\Request))
#81 /home/371465.cloudwaysapps.com/msruyuytpk/public_html/vendor/laravel/framework/src/Illuminate/Foundation/Http/Kernel.php(141): Illuminate\Pipeline\Pipeline->then(Object(Closure))
#82 /home/371465.cloudwaysapps.com/msruyuytpk/public_html/vendor/laravel/framework/src/Illuminate/Foundation/Http/Kernel.php(110): Illuminate\Foundation\Http\Kernel->sendRequestThroughRouter(Object(Illuminate\Http\Request))
#83 /home/371465.cloudwaysapps.com/msruyuytpk/public_html/public/index.php(52): Illuminate\Foundation\Http\Kernel->handle(Object(Illuminate\Http\Request))
#84 {main}  
[2021-02-16 09:08:47] local.DEBUG: Sites zoho webhook received {"OrgID":"740974695","ID":"4795954000000366131"} 
[2021-02-16 09:08:47] local.DEBUG: App\Http\Controllers\ZohoWebhookController:551: found address id: 412  
[2021-02-16 09:08:47] local.DEBUG: App\Http\Controllers\ZohoWebhookController:558: address 412 updated in database  
[2021-02-16 09:08:47] local.DEBUG: simpro {"id":245,"sim_id":null,"zoho_id":4795954000000366131,"name":"Sites Test from zoho","subscription_service_available":null,"billing_contact":"","address_id":412,"billingAddress_id":415,"public_notes":null,"private_notes":null,"archived":false,"customer_id":197,"created_at":"2021-02-16T09:08:47.000000Z","updated_at":"2021-02-16T09:08:47.000000Z","address":{"id":412,"customer":197,"address":"","city":"","state":"","postalCode":"","country":"","type":"billing","created_at":"2021-02-11T06:06:05.000000Z","updated_at":"2021-02-16T09:08:47.000000Z"},"billing_address":{"id":415,"customer":197,"address":"","city":"","state":"","postalCode":"","country":"","type":"billing","created_at":"2021-02-16T09:08:47.000000Z","updated_at":"2021-02-16T09:08:47.000000Z"},"customer":{"id":197,"sim_id":354,"sim_lead_id":104,"zoho_reference_id":null,"zoho_sub_id":null,"company_name":"","title":"","given_name":"Lead JB","family_name":"Test","email":"jeff@elementtest.com.au","phone":"01245689","mobile":"0412345678","altphone":"","description":"","is_company":false,"source":"Word of Mouth","dnd":false,"customer_type":"lead","archived":false,"ein":"","website":"","fax":"","company_number":"","deleted_at":null,"created_at":"2021-02-11T06:06:04.000000Z","updated_at":"2021-02-11T06:07:04.000000Z","have_subscription":false,"salesperson_id":null,"zoho_contact_id":null}}  
[2021-02-16 09:08:48] local.DEBUG: stdClass Object
(
    [ID] => 496
    [Name] => Sites Test from zoho
    [Address] => stdClass Object
        (
            [Address] => 
            [City] => 
            [State] => 
            [PostalCode] => 
            [Country] => 
        )

    [BillingAddress] => stdClass Object
        (
            [Address] => 
            [City] => 
            [State] => 
            [PostalCode] => 
        )

    [BillingContact] => 
    [PrimaryContact] => stdClass Object
        (
            [Contact] => stdClass Object
                (
                )

            [Title] => 
            [GivenName] => 
            [FamilyName] => 
            [Email] => 
            [WorkPhone] => 
            [CellPhone] => 
            [Fax] => 
            [Position] => 
            [PreferredNotificationMethod] => 
        )

    [PublicNotes] => 
    [PrivateNotes] => 
    [Zone] => stdClass Object
        (
        )

    [PreferredTechs] => Array
        (
        )

    [PreferredTechnicians] => Array
        (
        )

    [DateModified] => 2021-02-16T19:08:48+10:00
    [Customers] => Array
        (
        )

    [Archived] => 
    [STCZone] => 
    [VEECZone] => 
    [CustomFields] => Array
        (
            [0] => stdClass Object
                (
                    [CustomField] => stdClass Object
                        (
                            [ID] => 3
                            [Name] => Monitoring
                            [Type] => List
                            [IsMandatory] => 1
                            [ListItems] => Array
                                (
                                    [0] => Monitoring Active
                                    [1] => Monitoring Cancelled
                                )

                        )

                    [Value] => 
                )

            [1] => stdClass Object
                (
                    [CustomField] => stdClass Object
                        (
                            [ID] => 39
                            [Name] => Subscription Service Available?
                            [Type] => List
                            [IsMandatory] => 1
                            [ListItems] => Array
                                (
                                    [0] => Yes
                                    [1] => No
                                )

                        )

                    [Value] => 
                )

        )

)
  
[2021-02-16 09:08:48] local.DEBUG: 496  
[2021-02-16 11:25:03] local.DEBUG: simpro webhooks data {"ID":"individual.customer.created","build":"elementtest.simprosuite.com","description":"Individual customer #356 has been created.","name":"Individual customer","action":"created","reference":{"companyID":0,"customerID":356,"individualCustomerID":356},"date_triggered":"2021-02-16T21:24:07+10:00"} 
[2021-02-16 11:25:04] local.DEBUG: Customer created in database: simpro ID. 356  
[2021-02-16 11:25:04] local.DEBUG: App\Jobs\ExportCustomersToZoho:145: Customer: type: customer  
[2021-02-16 11:25:05] local.DEBUG:  code: 201, status: success  
[2021-02-16 11:25:05] local.DEBUG: Record with email:  saved as customer  
[2021-02-16 11:25:05] local.DEBUG:  code: 201, status: success  
[2021-02-16 11:25:05] local.DEBUG: Record with email:  saved as customer  
[2021-02-16 11:25:06] local.DEBUG:   custom field id 5=> 4795954000000370002 updated. Status: 204   
[2021-02-16 11:25:07] local.DEBUG: Site saved in database. SimPro ID: 497  
[2021-02-16 11:25:07] local.ERROR: App\Jobs\SyncSimProSites:187 Error Code INVALID_DATA  
[2021-02-16 11:25:07] local.ERROR: App\Jobs\SyncSimProSites:188 Error message:  
[2021-02-16 11:25:07] local.ERROR: App\Jobs\SyncSimProSites:189 Error Details: {"expected_data_type":"text","api_name":"Simpro_Site_ID"} 
[2021-02-16 11:47:02] local.DEBUG: simpro webhooks data {"ID":"individual.customer.deleted","build":"elementtest.simprosuite.com","description":"Individual customer #356 has been deleted.","name":"Individual customer","action":"deleted","reference":{"companyID":0,"customerID":356,"individualCustomerID":356},"date_triggered":"2021-02-16T21:46:33+10:00"} 
[2021-02-16 11:47:03] local.ERROR: App\Http\Controllers\SPWebhookController:381 Error Code INVALID_MODULE  
[2021-02-16 11:47:03] local.ERROR: App\Http\Controllers\SPWebhookController:382 Error Details:  
[2021-02-16 11:47:03] local.DEBUG: customer test 4:53 with simpro ID: 356 deleted.  
[2021-02-16 11:48:02] local.DEBUG: simpro webhooks data {"ID":"individual.customer.created","build":"elementtest.simprosuite.com","description":"Individual customer #357 has been created.","name":"Individual customer","action":"created","reference":{"companyID":0,"customerID":357,"individualCustomerID":357},"date_triggered":"2021-02-16T21:47:28+10:00"} 
[2021-02-16 11:48:04] local.DEBUG: Customer created in database: simpro ID. 357  
[2021-02-16 11:48:04] local.DEBUG: App\Jobs\ExportCustomersToZoho:145: Customer: type: customer  
[2021-02-16 11:48:04] local.DEBUG:  code: 201, status: success  
[2021-02-16 11:48:04] local.DEBUG: Record with email:  saved as customer  
[2021-02-16 11:48:04] local.DEBUG:  code: 201, status: success  
[2021-02-16 11:48:04] local.DEBUG: Record with email:  saved as customer  
[2021-02-16 11:48:05] local.DEBUG:   custom field id 5=> 4795954000000372001 updated. Status: 204   
[2021-02-16 11:48:06] local.DEBUG: Site saved in database. SimPro ID: 498  
[2021-02-16 11:48:07] local.ERROR: App\Jobs\SyncSimProSites:187 Error Code INVALID_DATA  
[2021-02-16 11:48:07] local.ERROR: App\Jobs\SyncSimProSites:188 Error message:  
[2021-02-16 11:48:07] local.ERROR: App\Jobs\SyncSimProSites:189 Error Details: {"expected_data_type":"text","api_name":"Simpro_Site_ID"} 
[2021-02-16 12:32:05] local.DEBUG: simpro webhooks data {"ID":"individual.customer.created","build":"elementtest.simprosuite.com","description":"Individual customer #358 has been created.","name":"Individual customer","action":"created","reference":{"companyID":0,"customerID":358,"individualCustomerID":358},"date_triggered":"2021-02-16T22:31:13+10:00"} 
[2021-02-16 12:32:06] local.DEBUG: Customer created in database: simpro ID. 358  
[2021-02-16 12:32:06] local.DEBUG: App\Jobs\ExportCustomersToZoho:145: Customer: type: customer  
[2021-02-16 12:32:07] local.DEBUG:  code: 201, status: success  
[2021-02-16 12:32:07] local.DEBUG: Record with email:  saved as customer  
[2021-02-16 12:32:07] local.DEBUG:  code: 201, status: success  
[2021-02-16 12:32:07] local.DEBUG: Record with email:  saved as customer  
[2021-02-16 12:32:08] local.DEBUG:   custom field id 5=> 4795954000000378002 updated. Status: 204   
[2021-02-16 12:32:09] local.DEBUG: Site saved in database. SimPro ID: 499  
[2021-02-16 12:32:10] local.DEBUG:  code: 201, status: success  
[2021-02-16 12:32:10] local.DEBUG: Site created/updated in zoho. SimPro ID: 499, Zoho ID: 4795954000000380001  
[2021-02-16 13:24:03] local.DEBUG: simpro webhooks data {"ID":"individual.customer.updated","build":"elementtest.simprosuite.com","description":"Individual customer #358 has been updated.","name":"Individual customer","action":"updated","reference":{"companyID":0,"customerID":358,"individualCustomerID":358},"date_triggered":"2021-02-16T23:23:12+10:00"} 
[2021-02-16 13:24:04] local.DEBUG: No change in the customer information:   
[2021-02-16 13:24:04] local.DEBUG: Site saved in database. SimPro ID: 499  
[2021-02-16 13:24:05] local.DEBUG:  code: 200, status: success  
[2021-02-16 13:24:06] local.DEBUG: Site created/updated in zoho. SimPro ID: 499, Zoho ID: 4795954000000380001  
[2021-02-16 13:24:06] local.DEBUG: Site saved in database. SimPro ID: 500  
[2021-02-16 13:24:07] local.DEBUG:  code: 201, status: success  
[2021-02-16 13:24:07] local.DEBUG: Site created/updated in zoho. SimPro ID: 500, Zoho ID: 4795954000000378008  
[2021-02-16 13:31:29] local.DEBUG: action : 498  
[2021-02-16 13:31:31] local.DEBUG: action : 499  
[2021-02-16 13:31:32] local.INFO: 283  
[2021-02-16 13:31:33] local.DEBUG:  code: 201, status: success  
[2021-02-16 13:31:33] local.DEBUG: Record with email:  saved as contact  
[2021-02-16 13:31:34] local.DEBUG: action : 500  
[2021-02-16 15:28:44] local.DEBUG: contact zoho webhook received {"OrgID":"740974695","ID":"4795954000000379001"} 
[2021-02-16 15:28:44] local.DEBUG: Contact data: 
Array
(
    [Mobile_Phone] => 
    [Email] => test@gmail.com
    [Description] => 
    [Visitor_Score] => 
    [Number_Of_Chats] => 
    [Primary_Contact] => 
    [Average_Time_Spent_Minutes] => 
    [Salutation] => 
    [Simpro_ID] => 358
    [First_Name] => Test
    [Full_Name] => Test 6:01
    [Record_Image] => 
    [Departmentd] => 
    [Unsubscribed_Mode] => 
    [Phone] => 
    [Work_Phone] => 
    [Notes] => 
    [First_Visited_URL] => 
    [Days_Visited] => 
    [Position] => 
    [Home_Phone1] => 
    [Unsubscribed_Time] => 
    [Simpro_URL] => elementtest.simprosuite.com/staff/customer.php?uID=358
    [Home_Phone] => 
    [First_Visited_Time] => 
    [Last_Name] => 6:01
    [Customer_ID] => 4795954000000378008
    [Referrer] => 
    [Lead_Source] => 
    [Last_Visited_Time] => 
    [Fax] => 
)
  
[2021-02-16 15:28:46] local.ERROR: App\Jobs\ExportContactToSimPro:128 Error Occurred. Client error: `POST https://elementtest.simprosuite.com/api/v1.0/companies/0/sites/500/contacts/` resulted in a `422 Unprocessable Entity` response:
{"errors":[{"path":"\/PrimaryContact","message":"Must be a boolean","value":null}]}
  
[2021-02-16 15:33:24] local.DEBUG: Sites zoho webhook received {"OrgID":"740974695","ID":"4795954000000380001"} 
[2021-02-16 15:33:25] local.DEBUG: App\Http\Controllers\ZohoWebhookController:607: found address id: 421  
[2021-02-16 15:33:25] local.DEBUG: App\Http\Controllers\ZohoWebhookController:614: address 421 updated in database  
[2021-02-16 15:33:25] local.DEBUG: App\Http\Controllers\ZohoWebhookController:618: found address id: 420  
[2021-02-16 15:33:25] local.DEBUG: App\Http\Controllers\ZohoWebhookController:625: billing address 420 updated in database  
[2021-02-16 15:33:25] local.DEBUG: simpro {"id":248,"sim_id":499,"zoho_id":4795954000000380001,"name":"6:01, Test","subscription_service_available":"0","billing_contact":"","address_id":421,"billingAddress_id":420,"public_notes":"","private_notes":"","archived":false,"customer_id":201,"created_at":"2021-02-16T12:32:09.000000Z","updated_at":"2021-02-16T13:24:04.000000Z","address":{"id":421,"customer":201,"address":"","city":"","state":"","postalCode":"","country":"Australia","type":"billing","created_at":"2021-02-16T12:32:06.000000Z","updated_at":"2021-02-16T12:32:06.000000Z"},"billing_address":{"id":420,"customer":201,"address":"","city":"","state":"","postalCode":"","country":"Australia","type":"address","created_at":"2021-02-16T12:32:06.000000Z","updated_at":"2021-02-16T12:32:06.000000Z"},"customer":{"id":201,"sim_id":358,"sim_lead_id":null,"zoho_reference_id":4795954000000378002,"zoho_sub_id":null,"company_name":"","title":"","given_name":"Test","family_name":"6:01","email":"","phone":"","mobile":"","altphone":"","description":"","is_company":false,"source":"Adwords Wirelesshomealarms.com.au","dnd":false,"customer_type":"customer","archived":false,"ein":"","website":"","fax":"","company_number":"","deleted_at":null,"created_at":"2021-02-16T12:32:06.000000Z","updated_at":"2021-02-16T12:32:07.000000Z","have_subscription":true,"salesperson_id":null,"zoho_contact_id":4795954000000379001}}  
[2021-02-16 15:33:26] local.DEBUG:   
[2021-02-16 15:33:26] local.DEBUG: 499  
[2021-02-16 15:38:07] local.DEBUG: Sites zoho webhook received {"OrgID":"740974695","ID":"4795954000000378008"} 
[2021-02-16 15:38:07] local.DEBUG: App\Http\Controllers\ZohoWebhookController:607: found address id: 421  
[2021-02-16 15:38:07] local.DEBUG: App\Http\Controllers\ZohoWebhookController:614: address 421 updated in database  
[2021-02-16 15:38:07] local.DEBUG: App\Http\Controllers\ZohoWebhookController:618: found address id: 420  
[2021-02-16 15:38:07] local.DEBUG: App\Http\Controllers\ZohoWebhookController:625: billing address 420 updated in database  
[2021-02-16 15:38:07] local.DEBUG: simpro {"id":249,"sim_id":500,"zoho_id":4795954000000378008,"name":"test site from sim to zoho","subscription_service_available":"1","billing_contact":"","address_id":421,"billingAddress_id":420,"public_notes":"","private_notes":"","archived":false,"customer_id":201,"created_at":"2021-02-16T13:24:06.000000Z","updated_at":"2021-02-16T13:24:07.000000Z","address":{"id":421,"customer":201,"address":"","city":"","state":"","postalCode":"","country":"Australia","type":"billing","created_at":"2021-02-16T12:32:06.000000Z","updated_at":"2021-02-16T12:32:06.000000Z"},"billing_address":{"id":420,"customer":201,"address":"","city":"","state":"","postalCode":"","country":"Australia","type":"address","created_at":"2021-02-16T12:32:06.000000Z","updated_at":"2021-02-16T12:32:06.000000Z"},"customer":{"id":201,"sim_id":358,"sim_lead_id":null,"zoho_reference_id":4795954000000378002,"zoho_sub_id":null,"company_name":"","title":"","given_name":"Test","family_name":"6:01","email":"","phone":"","mobile":"","altphone":"","description":"","is_company":false,"source":"Adwords Wirelesshomealarms.com.au","dnd":false,"customer_type":"customer","archived":false,"ein":"","website":"","fax":"","company_number":"","deleted_at":null,"created_at":"2021-02-16T12:32:06.000000Z","updated_at":"2021-02-16T12:32:07.000000Z","have_subscription":true,"salesperson_id":null,"zoho_contact_id":4795954000000379001}}  
[2021-02-16 15:38:08] local.DEBUG:   
[2021-02-16 15:38:08] local.DEBUG: 500  
[2021-02-16 15:59:08] local.DEBUG: contact zoho webhook received {"OrgID":"740974695","ID":"4795954000000379001"} 
[2021-02-16 15:59:08] local.DEBUG: Contact data: 
Array
(
    [Mobile_Phone] => 
    [Email] => test@gmail.com
    [Description] => 
    [Visitor_Score] => 
    [Number_Of_Chats] => 
    [Primary_Contact] => 1
    [Average_Time_Spent_Minutes] => 
    [Salutation] => 
    [Simpro_ID] => 358
    [First_Name] => Test
    [Full_Name] => Test 6:01
    [Record_Image] => 
    [Departmentd] => 
    [Unsubscribed_Mode] => 
    [Phone] => 
    [Work_Phone] => 
    [Notes] => 
    [First_Visited_URL] => 
    [Days_Visited] => 
    [Position] => 
    [Home_Phone1] => 
    [Unsubscribed_Time] => 
    [Simpro_URL] => elementtest.simprosuite.com/staff/customer.php?uID=358
    [Home_Phone] => 
    [First_Visited_Time] => 
    [Last_Name] => 6:01
    [Customer_ID] => 4795954000000378008
    [Referrer] => 
    [Lead_Source] => 
    [Last_Visited_Time] => 
    [Fax] => 
)
  
[2021-02-16 15:59:08] local.DEBUG: App\Http\Controllers\ZohoWebhookController:298 email:test@gmail.com simpro id not found. zoho contact id: 4795954000000379001   
[2021-02-16 15:59:09] local.ERROR: App\Jobs\ExportContactToSimPro:128 Error Occurred. Client error: `POST https://elementtest.simprosuite.com/api/v1.0/companies/0/sites/500/contacts/` resulted in a `422 Unprocessable Entity` response:
{"errors":[{"path":"\/PrimaryContact","message":"Must be a boolean","value":null}]}
  
